<?xml version="1.0" encoding="UTF-8"?>
<!-- Generated by org.testng.reporters.JUnitXMLReporter -->
<testsuite hostname="DESKTOP-21FFQT1" ignored="4" tests="8" failures="0" timestamp="16 мая 2021 23:00:00 GMT" time="0.085" errors="0">
  <testcase name="test1Sum" time="0.015" classname="CalculatorTest"/>
  <testcase name="test3Multiply" time="0.0" classname="CalculatorTest"/>
  <testcase name="setStringWorker1Test" time="0.001" classname="StringWorkerTest"/>
  <testcase name="setStringWorker2Test" time="0.0" classname="StringWorkerTest"/>
  <testcase name="test2Sum" time="0.0" classname="CalculatorTest"/>
  <testcase name="test3Sum" time="0.001" classname="CalculatorTest"/>
  <testcase name="test1Multiply" time="0.002" classname="CalculatorTest"/>
  <testcase name="test2Multiply" time="0.0" classname="CalculatorTest"/>
  <testcase name="@BeforeSuite beforeSuiteActions" time="0.0" classname="BaseTest">
    <ignored/>
  </testcase> <!-- @BeforeSuite beforeSuiteActions -->
  <testcase name="@BeforeSuite beforeSuiteActions" time="0.0" classname="BaseTest">
    <ignored/>
  </testcase> <!-- @BeforeSuite beforeSuiteActions -->
  <testcase name="@AfterSuite afterSuiteActions" time="0.0" classname="BaseTest">
    <ignored/>
  </testcase> <!-- @AfterSuite afterSuiteActions -->
  <testcase name="@AfterSuite afterSuiteActions" time="0.0" classname="BaseTest">
    <ignored/>
  </testcase> <!-- @AfterSuite afterSuiteActions -->
</testsuite>
