<?xml version="1.0" encoding="UTF-8" ?>
<testsuite tests="8" failures="0" name="TestSuite" time="0.019" errors="0" skipped="0">
  <properties>
[...]
</properties>
  <testcase classname="CalculatorTest" name="test1Sum" time="0.017"/>
  <testcase classname="CalculatorTest" name="test3Multiply" time="0"/>
  <testcase classname="StringWorkerTest" name="setStringWorker1Test" time="0.001"/>
  <testcase classname="StringWorkerTest" name="setStringWorker2Test" time="0"/>
  <testcase classname="CalculatorTest" name="test2Sum" time="0"/>
  <testcase classname="CalculatorTest" name="test3Sum" time="0"/>
  <testcase classname="CalculatorTest" name="test1Multiply" time="0"/>
  <testcase classname="CalculatorTest" name="test2Multiply" time="0.001"/>
</testsuite>