<?xml version="1.0" encoding="UTF-8"?>
<testng-results skipped="0" failed="0" ignored="4" total="12" passed="8">
  <reporter-output>
  </reporter-output>
  <suite name="Command line suite" duration-ms="85" started-at="2021-05-16T23:00:00Z" finished-at="2021-05-16T23:00:00Z">
    <groups>
    </groups>
    <test name="Command line test" duration-ms="85" started-at="2021-05-16T23:00:00Z" finished-at="2021-05-16T23:00:00Z">
      <class name="CalculatorTest">
        <test-method status="PASS" signature="beforeClassActions()[pri:0, instance:CalculatorTest@6e8dacdf]" name="beforeClassActions" is-config="true" duration-ms="2" started-at="2021-05-16T23:00:00Z" finished-at="2021-05-16T23:00:00Z">
          <reporter-output>
          </reporter-output>
        </test-method> <!-- beforeClassActions -->
        <test-method status="PASS" signature="test1Sum()[pri:0, instance:CalculatorTest@6e8dacdf]" name="test1Sum" duration-ms="15" started-at="2021-05-16T23:00:00Z" finished-at="2021-05-16T23:00:00Z">
          <reporter-output>
          </reporter-output>
        </test-method> <!-- test1Sum -->
        <test-method status="PASS" signature="startUp()[pri:0, instance:CalculatorTest@6e8dacdf]" name="startUp" is-config="true" duration-ms="0" started-at="2021-05-16T23:00:00Z" finished-at="2021-05-16T23:00:00Z">
          <reporter-output>
          </reporter-output>
        </test-method> <!-- startUp -->
        <test-method status="PASS" signature="tearDown()[pri:0, instance:CalculatorTest@6e8dacdf]" name="tearDown" is-config="true" duration-ms="0" started-at="2021-05-16T23:00:00Z" finished-at="2021-05-16T23:00:00Z">
          <reporter-output>
          </reporter-output>
        </test-method> <!-- tearDown -->
        <test-method status="PASS" signature="startUp()[pri:0, instance:CalculatorTest@6e8dacdf]" name="startUp" is-config="true" duration-ms="1" started-at="2021-05-16T23:00:00Z" finished-at="2021-05-16T23:00:00Z">
          <reporter-output>
          </reporter-output>
        </test-method> <!-- startUp -->
        <test-method status="PASS" signature="test3Multiply()[pri:0, instance:CalculatorTest@6e8dacdf]" name="test3Multiply" duration-ms="0" started-at="2021-05-16T23:00:00Z" finished-at="2021-05-16T23:00:00Z">
          <reporter-output>
          </reporter-output>
        </test-method> <!-- test3Multiply -->
        <test-method status="PASS" signature="tearDown()[pri:0, instance:CalculatorTest@6e8dacdf]" name="tearDown" is-config="true" duration-ms="1" started-at="2021-05-16T23:00:00Z" finished-at="2021-05-16T23:00:00Z">
          <reporter-output>
          </reporter-output>
        </test-method> <!-- tearDown -->
        <test-method status="PASS" signature="startUp()[pri:0, instance:CalculatorTest@6e8dacdf]" name="startUp" is-config="true" duration-ms="0" started-at="2021-05-16T23:00:00Z" finished-at="2021-05-16T23:00:00Z">
          <reporter-output>
          </reporter-output>
        </test-method> <!-- startUp -->
        <test-method status="PASS" signature="test2Sum()[pri:1, instance:CalculatorTest@6e8dacdf]" name="test2Sum" duration-ms="0" started-at="2021-05-16T23:00:00Z" finished-at="2021-05-16T23:00:00Z">
          <reporter-output>
          </reporter-output>
        </test-method> <!-- test2Sum -->
        <test-method status="PASS" signature="tearDown()[pri:0, instance:CalculatorTest@6e8dacdf]" name="tearDown" is-config="true" duration-ms="1" started-at="2021-05-16T23:00:00Z" finished-at="2021-05-16T23:00:00Z">
          <reporter-output>
          </reporter-output>
        </test-method> <!-- tearDown -->
        <test-method status="PASS" signature="test3Sum()[pri:2, instance:CalculatorTest@6e8dacdf]" name="test3Sum" duration-ms="1" started-at="2021-05-16T23:00:00Z" finished-at="2021-05-16T23:00:00Z">
          <reporter-output>
          </reporter-output>
        </test-method> <!-- test3Sum -->
        <test-method status="PASS" signature="startUp()[pri:0, instance:CalculatorTest@6e8dacdf]" name="startUp" is-config="true" duration-ms="0" started-at="2021-05-16T23:00:00Z" finished-at="2021-05-16T23:00:00Z">
          <reporter-output>
          </reporter-output>
        </test-method> <!-- startUp -->
        <test-method status="PASS" signature="tearDown()[pri:0, instance:CalculatorTest@6e8dacdf]" name="tearDown" is-config="true" duration-ms="0" started-at="2021-05-16T23:00:00Z" finished-at="2021-05-16T23:00:00Z">
          <reporter-output>
          </reporter-output>
        </test-method> <!-- tearDown -->
        <test-method status="PASS" signature="startUp()[pri:0, instance:CalculatorTest@6e8dacdf]" name="startUp" is-config="true" duration-ms="0" started-at="2021-05-16T23:00:00Z" finished-at="2021-05-16T23:00:00Z">
          <reporter-output>
          </reporter-output>
        </test-method> <!-- startUp -->
        <test-method status="PASS" signature="test1Multiply()[pri:0, instance:CalculatorTest@6e8dacdf]" name="test1Multiply" duration-ms="2" started-at="2021-05-16T23:00:00Z" depends-on-methods="CalculatorTest.test3Sum" finished-at="2021-05-16T23:00:00Z">
          <reporter-output>
          </reporter-output>
        </test-method> <!-- test1Multiply -->
        <test-method status="PASS" signature="tearDown()[pri:0, instance:CalculatorTest@6e8dacdf]" name="tearDown" is-config="true" duration-ms="0" started-at="2021-05-16T23:00:00Z" finished-at="2021-05-16T23:00:00Z">
          <reporter-output>
          </reporter-output>
        </test-method> <!-- tearDown -->
        <test-method status="PASS" signature="startUp()[pri:0, instance:CalculatorTest@6e8dacdf]" name="startUp" is-config="true" duration-ms="1" started-at="2021-05-16T23:00:00Z" finished-at="2021-05-16T23:00:00Z">
          <reporter-output>
          </reporter-output>
        </test-method> <!-- startUp -->
        <test-method status="PASS" signature="tearDown()[pri:0, instance:CalculatorTest@6e8dacdf]" name="tearDown" is-config="true" duration-ms="1" started-at="2021-05-16T23:00:00Z" finished-at="2021-05-16T23:00:00Z">
          <reporter-output>
          </reporter-output>
        </test-method> <!-- tearDown -->
        <test-method status="PASS" signature="test2Multiply()[pri:0, instance:CalculatorTest@6e8dacdf]" name="test2Multiply" duration-ms="0" started-at="2021-05-16T23:00:00Z" depends-on-methods="CalculatorTest.test1Multiply" finished-at="2021-05-16T23:00:00Z">
          <reporter-output>
          </reporter-output>
        </test-method> <!-- test2Multiply -->
        <test-method status="PASS" signature="afterClassActions()[pri:0, instance:CalculatorTest@6e8dacdf]" name="afterClassActions" is-config="true" duration-ms="0" started-at="2021-05-16T23:00:00Z" finished-at="2021-05-16T23:00:00Z">
          <reporter-output>
          </reporter-output>
        </test-method> <!-- afterClassActions -->
      </class> <!-- CalculatorTest -->
      <class name="StringWorkerTest">
        <test-method status="PASS" signature="beforeClassActions()[pri:0, instance:StringWorkerTest@7a79be86]" name="beforeClassActions" is-config="true" duration-ms="0" started-at="2021-05-16T23:00:00Z" finished-at="2021-05-16T23:00:00Z">
          <reporter-output>
          </reporter-output>
        </test-method> <!-- beforeClassActions -->
        <test-method status="PASS" signature="setStringWorker1Test()[pri:0, instance:StringWorkerTest@7a79be86]" name="setStringWorker1Test" duration-ms="1" started-at="2021-05-16T23:00:00Z" finished-at="2021-05-16T23:00:00Z">
          <reporter-output>
          </reporter-output>
        </test-method> <!-- setStringWorker1Test -->
        <test-method status="PASS" signature="setStringWorker2Test()[pri:0, instance:StringWorkerTest@7a79be86]" name="setStringWorker2Test" duration-ms="0" started-at="2021-05-16T23:00:00Z" finished-at="2021-05-16T23:00:00Z">
          <reporter-output>
          </reporter-output>
        </test-method> <!-- setStringWorker2Test -->
        <test-method status="PASS" signature="afterClassActions()[pri:0, instance:StringWorkerTest@7a79be86]" name="afterClassActions" is-config="true" duration-ms="0" started-at="2021-05-16T23:00:00Z" finished-at="2021-05-16T23:00:00Z">
          <reporter-output>
          </reporter-output>
        </test-method> <!-- afterClassActions -->
      </class> <!-- StringWorkerTest -->
      <class name="BaseTest">
        <test-method status="PASS" signature="beforeSuiteActions()[pri:0, instance:BaseTest@1e643faf]" name="beforeSuiteActions" is-config="true" duration-ms="22" started-at="2021-05-16T23:00:00Z" finished-at="2021-05-16T23:00:00Z">
          <reporter-output>
          </reporter-output>
        </test-method> <!-- beforeSuiteActions -->
        <test-method status="PASS" signature="afterSuiteActions()[pri:0, instance:BaseTest@1e643faf]" name="afterSuiteActions" is-config="true" duration-ms="1" started-at="2021-05-16T23:00:00Z" finished-at="2021-05-16T23:00:00Z">
          <reporter-output>
          </reporter-output>
        </test-method> <!-- afterSuiteActions -->
      </class> <!-- BaseTest -->
    </test> <!-- Command line test -->
  </suite> <!-- Command line suite -->
</testng-results>
